<?xml version="1.0" encoding="UTF-8"?>
<testsuite xmlns:xsi="http://www.w3.org/2001/XMLSchema-instance" xsi:noNamespaceSchemaLocation="https://maven.apache.org/surefire/maven-surefire-plugin/xsd/surefire-test-report.xsd" version="3.0.2" name="com.example.email_sender.EmailSenderApplicationTests" time="6.5" tests="1" errors="0" skipped="0" failures="0">
  <properties>
[...]
</properties>
  <testcase name="contextLoads" classname="com.example.email_sender.EmailSenderApplicationTests" time="0.837">
    <system-out><![CDATA[13:16:52.753 [main] INFO org.springframework.test.context.support.AnnotationConfigContextLoaderUtils -- Could not detect default configuration classes for test class [com.example.email_sender.EmailSenderApplicationTests]: EmailSenderApplicationTests does not declare any static, non-private, non-final, nested classes annotated with @Configuration.
13:16:52.944 [main] INFO org.springframework.boot.test.context.SpringBootTestContextBootstrapper -- Found @SpringBootConfiguration com.example.email_sender.EmailSenderApplication for test class com.example.email_sender.EmailSenderApplicationTests
13:16:53.214 [main] INFO org.springframework.boot.devtools.restart.RestartApplicationListener -- Restart disabled due to context in which it is running

  .   ____          _            __ _ _
 /\\ / ___'_ __ _ _(_)_ __  __ _ \ \ \ \
( ( )\___ | '_ | '_| | '_ \/ _` | \ \ \ \
 \\/  ___)| |_)| | | | | || (_| |  ) ) ) )
  '  |____| .__|_| |_|_| |_\__, | / / / /
 =========|_|==============|___/=/_/_/_/

 :: Spring Boot ::                (v3.5.6)

2025-10-19T13:16:53.609-05:00  INFO 3428 --- [email_sender] [           main] c.e.e.EmailSenderApplicationTests        : Starting EmailSenderApplicationTests using Java 21.0.6 with PID 3428 (started by SEBASTIAN in C:\Users\SEBASTIAN\OneDrive\Escritorio\Universidad\8. Octavo semestre\MIcroservicios\Taller 3\email_sender)
2025-10-19T13:16:53.609-05:00  INFO 3428 --- [email_sender] [           main] c.e.e.EmailSenderApplicationTests        : No active profile set, falling back to 1 default profile: "default"
2025-10-19T13:16:55.791-05:00  INFO 3428 --- [email_sender] [           main] o.s.a.r.c.CachingConnectionFactory       : Attempting to connect to: [jackal.rmq.cloudamqp.com:5671]
2025-10-19T13:16:57.244-05:00  INFO 3428 --- [email_sender] [           main] o.s.a.r.c.CachingConnectionFactory       : Created new connection: rabbitConnectionFactory#707865bd:0/SimpleConnection@64f32e9e [delegate=amqp://pwphtwrk@54.207.4.157:5671/pwphtwrk, localPort=59783]
2025-10-19T13:16:58.170-05:00  INFO 3428 --- [email_sender] [           main] c.e.e.EmailSenderApplicationTests        : Started EmailSenderApplicationTests in 4.971 seconds (process running for 6.331)
]]></system-out>
    <system-err><![CDATA[Mockito is currently self-attaching to enable the inline-mock-maker. This will no longer work in future releases of the JDK. Please add Mockito as an agent to your build as described in Mockito's documentation: https://javadoc.io/doc/org.mockito/mockito-core/latest/org.mockito/org/mockito/Mockito.html#0.3
WARNING: A Java agent has been loaded dynamically (C:\Users\SEBASTIAN\.m2\repository\net\bytebuddy\byte-buddy-agent\1.17.7\byte-buddy-agent-1.17.7.jar)
WARNING: If a serviceability tool is in use, please run with -XX:+EnableDynamicAgentLoading to hide this warning
WARNING: If a serviceability tool is not in use, please run with -Djdk.instrument.traceUsage for more information
WARNING: Dynamic loading of agents will be disallowed by default in a future release
]]></system-err>
  </testcase>
</testsuite>